Copyright 1986-2021 Xilinx, Inc. All Rights Reserved.
------------------------------------------------------------------------------------
| Tool Version : Vivado v.2021.1 (lin64) Build 3247384 Thu Jun 10 19:36:07 MDT 2021
| Date         : Mon Mar 16 20:39:26 2026
| Host         : icpc running 64-bit CentOS Linux release 7.9.2009 (Core)
| Command      : report_utilization -file ./checkpoint/implementation_util.rpt
| Design       : mcu_top
| Device       : 7z020clg400-2
| Design State : Routed
------------------------------------------------------------------------------------

Utilization Design Information

Table of Contents
-----------------
1. Slice Logic
1.1 Summary of Registers by Type
2. Slice Logic Distribution
3. Memory
4. DSP
5. IO and GT Specific
6. Clocking
7. Specific Feature
8. Primitives
9. Black Boxes
10. Instantiated Netlists

1. Slice Logic
--------------

+-------------------------+-------+-------+------------+-----------+-------+
|        Site Type        |  Used | Fixed | Prohibited | Available | Util% |
+-------------------------+-------+-------+------------+-----------+-------+
| Slice LUTs              | 16317 |     0 |          0 |     53200 | 30.67 |
|   LUT as Logic          | 16317 |     0 |          0 |     53200 | 30.67 |
|   LUT as Memory         |     0 |     0 |          0 |     17400 |  0.00 |
| Slice Registers         |  7030 |     0 |          0 |    106400 |  6.61 |
|   Register as Flip Flop |  7030 |     0 |          0 |    106400 |  6.61 |
|   Register as Latch     |     0 |     0 |          0 |    106400 |  0.00 |
| F7 Muxes                |   149 |     0 |          0 |     26600 |  0.56 |
| F8 Muxes                |    19 |     0 |          0 |     13300 |  0.14 |
+-------------------------+-------+-------+------------+-----------+-------+


1.1 Summary of Registers by Type
--------------------------------

+-------+--------------+-------------+--------------+
| Total | Clock Enable | Synchronous | Asynchronous |
+-------+--------------+-------------+--------------+
| 0     |            _ |           - |            - |
| 0     |            _ |           - |          Set |
| 0     |            _ |           - |        Reset |
| 0     |            _ |         Set |            - |
| 0     |            _ |       Reset |            - |
| 0     |          Yes |           - |            - |
| 148   |          Yes |           - |          Set |
| 4641  |          Yes |           - |        Reset |
| 0     |          Yes |         Set |            - |
| 2241  |          Yes |       Reset |            - |
+-------+--------------+-------------+--------------+


2. Slice Logic Distribution
---------------------------

+--------------------------------------------+-------+-------+------------+-----------+-------+
|                  Site Type                 |  Used | Fixed | Prohibited | Available | Util% |
+--------------------------------------------+-------+-------+------------+-----------+-------+
| Slice                                      |  4934 |     0 |          0 |     13300 | 37.10 |
|   SLICEL                                   |  3541 |     0 |            |           |       |
|   SLICEM                                   |  1393 |     0 |            |           |       |
| LUT as Logic                               | 16317 |     0 |          0 |     53200 | 30.67 |
|   using O5 output only                     |     0 |       |            |           |       |
|   using O6 output only                     | 14038 |       |            |           |       |
|   using O5 and O6                          |  2279 |       |            |           |       |
| LUT as Memory                              |     0 |     0 |          0 |     17400 |  0.00 |
|   LUT as Distributed RAM                   |     0 |     0 |            |           |       |
|   LUT as Shift Register                    |     0 |     0 |            |           |       |
| Slice Registers                            |  7030 |     0 |          0 |    106400 |  6.61 |
|   Register driven from within the Slice    |  3161 |       |            |           |       |
|   Register driven from outside the Slice   |  3869 |       |            |           |       |
|     LUT in front of the register is unused |  1381 |       |            |           |       |
|     LUT in front of the register is used   |  2488 |       |            |           |       |
| Unique Control Sets                        |   361 |       |          0 |     13300 |  2.71 |
+--------------------------------------------+-------+-------+------------+-----------+-------+
* * Note: Available Control Sets calculated as Slice * 1, Review the Control Sets Report for more information regarding control sets.


3. Memory
---------

+-------------------+------+-------+------------+-----------+-------+
|     Site Type     | Used | Fixed | Prohibited | Available | Util% |
+-------------------+------+-------+------------+-----------+-------+
| Block RAM Tile    |   64 |     0 |          0 |       140 | 45.71 |
|   RAMB36/FIFO*    |   64 |     0 |          0 |       140 | 45.71 |
|     RAMB36E1 only |   64 |       |            |           |       |
|   RAMB18          |    0 |     0 |          0 |       280 |  0.00 |
+-------------------+------+-------+------------+-----------+-------+
* Note: Each Block RAM Tile only has one FIFO logic available and therefore can accommodate only one FIFO36E1 or one FIFO18E1. However, if a FIFO18E1 occupies a Block RAM Tile, that tile can still accommodate a RAMB18E1


4. DSP
------

+----------------+------+-------+------------+-----------+-------+
|    Site Type   | Used | Fixed | Prohibited | Available | Util% |
+----------------+------+-------+------------+-----------+-------+
| DSPs           |    3 |     0 |          0 |       220 |  1.36 |
|   DSP48E1 only |    3 |       |            |           |       |
+----------------+------+-------+------------+-----------+-------+


5. IO and GT Specific
---------------------

+-----------------------------+------+-------+------------+-----------+-------+
|          Site Type          | Used | Fixed | Prohibited | Available | Util% |
+-----------------------------+------+-------+------------+-----------+-------+
| Bonded IOB                  |   13 |    10 |          0 |       125 | 10.40 |
|   IOB Master Pads           |    5 |       |            |           |       |
|   IOB Slave Pads            |    7 |       |            |           |       |
| Bonded IPADs                |    0 |     0 |          0 |         2 |  0.00 |
| Bonded IOPADs               |    0 |     0 |          0 |       130 |  0.00 |
| PHY_CONTROL                 |    0 |     0 |          0 |         4 |  0.00 |
| PHASER_REF                  |    0 |     0 |          0 |         4 |  0.00 |
| OUT_FIFO                    |    0 |     0 |          0 |        16 |  0.00 |
| IN_FIFO                     |    0 |     0 |          0 |        16 |  0.00 |
| IDELAYCTRL                  |    0 |     0 |          0 |         4 |  0.00 |
| IBUFDS                      |    0 |     0 |          0 |       121 |  0.00 |
| PHASER_OUT/PHASER_OUT_PHY   |    0 |     0 |          0 |        16 |  0.00 |
| PHASER_IN/PHASER_IN_PHY     |    0 |     0 |          0 |        16 |  0.00 |
| IDELAYE2/IDELAYE2_FINEDELAY |    0 |     0 |          0 |       200 |  0.00 |
| ILOGIC                      |    0 |     0 |          0 |       125 |  0.00 |
| OLOGIC                      |    0 |     0 |          0 |       125 |  0.00 |
+-----------------------------+------+-------+------------+-----------+-------+


6. Clocking
-----------

+------------+------+-------+------------+-----------+-------+
|  Site Type | Used | Fixed | Prohibited | Available | Util% |
+------------+------+-------+------------+-----------+-------+
| BUFGCTRL   |    5 |     0 |          0 |        32 | 15.63 |
| BUFIO      |    0 |     0 |          0 |        16 |  0.00 |
| MMCME2_ADV |    1 |     0 |          0 |         4 | 25.00 |
| PLLE2_ADV  |    0 |     0 |          0 |         4 |  0.00 |
| BUFMRCE    |    0 |     0 |          0 |         8 |  0.00 |
| BUFHCE     |    0 |     0 |          0 |        72 |  0.00 |
| BUFR       |    0 |     0 |          0 |        16 |  0.00 |
+------------+------+-------+------------+-----------+-------+


7. Specific Feature
-------------------

+-------------+------+-------+------------+-----------+-------+
|  Site Type  | Used | Fixed | Prohibited | Available | Util% |
+-------------+------+-------+------------+-----------+-------+
| BSCANE2     |    0 |     0 |          0 |         4 |  0.00 |
| CAPTUREE2   |    0 |     0 |          0 |         1 |  0.00 |
| DNA_PORT    |    0 |     0 |          0 |         1 |  0.00 |
| EFUSE_USR   |    0 |     0 |          0 |         1 |  0.00 |
| FRAME_ECCE2 |    0 |     0 |          0 |         1 |  0.00 |
| ICAPE2      |    0 |     0 |          0 |         2 |  0.00 |
| STARTUPE2   |    0 |     0 |          0 |         1 |  0.00 |
| XADC        |    0 |     0 |          0 |         1 |  0.00 |
+-------------+------+-------+------------+-----------+-------+


8. Primitives
-------------

+------------+------+---------------------+
|  Ref Name  | Used | Functional Category |
+------------+------+---------------------+
| LUT6       | 8947 |                 LUT |
| FDCE       | 4641 |        Flop & Latch |
| LUT5       | 3905 |                 LUT |
| LUT4       | 2876 |                 LUT |
| FDRE       | 2241 |        Flop & Latch |
| LUT3       | 1562 |                 LUT |
| LUT2       | 1170 |                 LUT |
| CARRY4     |  309 |          CarryLogic |
| MUXF7      |  149 |               MuxFx |
| FDPE       |  148 |        Flop & Latch |
| LUT1       |  136 |                 LUT |
| RAMB36E1   |   64 |        Block Memory |
| MUXF8      |   19 |               MuxFx |
| IBUF       |    8 |                  IO |
| BUFG       |    5 |               Clock |
| OBUFT      |    4 |                  IO |
| DSP48E1    |    3 |    Block Arithmetic |
| OBUF       |    2 |                  IO |
| MMCME2_ADV |    1 |               Clock |
+------------+------+---------------------+


9. Black Boxes
--------------

+----------+------+
| Ref Name | Used |
+----------+------+


10. Instantiated Netlists
-------------------------

+----------+------+
| Ref Name | Used |
+----------+------+
| ram_128k |    2 |
| pll_50m  |    1 |
+----------+------+


