Copyright 1986-2021 Xilinx, Inc. All Rights Reserved.
------------------------------------------------------------------------------------
| Tool Version : Vivado v.2021.1 (lin64) Build 3247384 Thu Jun 10 19:36:07 MDT 2021
| Date         : Mon Sep 29 16:39:18 2025
| Host         : icpc running 64-bit CentOS Linux release 7.9.2009 (Core)
| Command      : report_utilization -file ./checkpoint/synthesis_util.rpt
| Design       : mcu_top
| Device       : 7z020clg400-2
| Design State : Synthesized
------------------------------------------------------------------------------------

Utilization Design Information

Table of Contents
-----------------
1. Slice Logic
1.1 Summary of Registers by Type
2. Memory
3. DSP
4. IO and GT Specific
5. Clocking
6. Specific Feature
7. Primitives
8. Black Boxes
9. Instantiated Netlists

1. Slice Logic
--------------

+-------------------------+-------+-------+------------+-----------+-------+
|        Site Type        |  Used | Fixed | Prohibited | Available | Util% |
+-------------------------+-------+-------+------------+-----------+-------+
| Slice LUTs*             | 17373 |     0 |          0 |     53200 | 32.66 |
|   LUT as Logic          | 17373 |     0 |          0 |     53200 | 32.66 |
|   LUT as Memory         |     0 |     0 |          0 |     17400 |  0.00 |
| Slice Registers         |  7771 |     0 |          0 |    106400 |  7.30 |
|   Register as Flip Flop |  7760 |     0 |          0 |    106400 |  7.29 |
|   Register as Latch     |    11 |     0 |          0 |    106400 |  0.01 |
| F7 Muxes                |   118 |     0 |          0 |     26600 |  0.44 |
| F8 Muxes                |    10 |     0 |          0 |     13300 |  0.08 |
+-------------------------+-------+-------+------------+-----------+-------+
* Warning! The Final LUT count, after physical optimizations and full implementation, is typically lower. Run opt_design after synthesis, if not already completed, for a more realistic count.


1.1 Summary of Registers by Type
--------------------------------

+-------+--------------+-------------+--------------+
| Total | Clock Enable | Synchronous | Asynchronous |
+-------+--------------+-------------+--------------+
| 0     |            _ |           - |            - |
| 0     |            _ |           - |          Set |
| 0     |            _ |           - |        Reset |
| 0     |            _ |         Set |            - |
| 0     |            _ |       Reset |            - |
| 0     |          Yes |           - |            - |
| 211   |          Yes |           - |          Set |
| 5319  |          Yes |           - |        Reset |
| 0     |          Yes |         Set |            - |
| 2241  |          Yes |       Reset |            - |
+-------+--------------+-------------+--------------+


2. Memory
---------

+-------------------+------+-------+------------+-----------+-------+
|     Site Type     | Used | Fixed | Prohibited | Available | Util% |
+-------------------+------+-------+------------+-----------+-------+
| Block RAM Tile    |   64 |     0 |          0 |       140 | 45.71 |
|   RAMB36/FIFO*    |   64 |     0 |          0 |       140 | 45.71 |
|     RAMB36E1 only |   64 |       |            |           |       |
|   RAMB18          |    0 |     0 |          0 |       280 |  0.00 |
+-------------------+------+-------+------------+-----------+-------+
* Note: Each Block RAM Tile only has one FIFO logic available and therefore can accommodate only one FIFO36E1 or one FIFO18E1. However, if a FIFO18E1 occupies a Block RAM Tile, that tile can still accommodate a RAMB18E1


3. DSP
------

+----------------+------+-------+------------+-----------+-------+
|    Site Type   | Used | Fixed | Prohibited | Available | Util% |
+----------------+------+-------+------------+-----------+-------+
| DSPs           |    3 |     0 |          0 |       220 |  1.36 |
|   DSP48E1 only |    3 |       |            |           |       |
+----------------+------+-------+------------+-----------+-------+


4. IO and GT Specific
---------------------

+-----------------------------+------+-------+------------+-----------+-------+
|          Site Type          | Used | Fixed | Prohibited | Available | Util% |
+-----------------------------+------+-------+------------+-----------+-------+
| Bonded IOB                  |   23 |    20 |          0 |       125 | 18.40 |
|   IOB Master Pads           |    8 |       |            |           |       |
|   IOB Slave Pads            |    9 |       |            |           |       |
| Bonded IPADs                |    0 |     0 |          0 |         2 |  0.00 |
| Bonded IOPADs               |    0 |     0 |          0 |       130 |  0.00 |
| PHY_CONTROL                 |    0 |     0 |          0 |         4 |  0.00 |
| PHASER_REF                  |    0 |     0 |          0 |         4 |  0.00 |
| OUT_FIFO                    |    0 |     0 |          0 |        16 |  0.00 |
| IN_FIFO                     |    0 |     0 |          0 |        16 |  0.00 |
| IDELAYCTRL                  |    0 |     0 |          0 |         4 |  0.00 |
| IBUFDS                      |    0 |     0 |          0 |       121 |  0.00 |
| PHASER_OUT/PHASER_OUT_PHY   |    0 |     0 |          0 |        16 |  0.00 |
| PHASER_IN/PHASER_IN_PHY     |    0 |     0 |          0 |        16 |  0.00 |
| IDELAYE2/IDELAYE2_FINEDELAY |    0 |     0 |          0 |       200 |  0.00 |
| ILOGIC                      |    0 |     0 |          0 |       125 |  0.00 |
| OLOGIC                      |    0 |     0 |          0 |       125 |  0.00 |
+-----------------------------+------+-------+------------+-----------+-------+


5. Clocking
-----------

+------------+------+-------+------------+-----------+-------+
|  Site Type | Used | Fixed | Prohibited | Available | Util% |
+------------+------+-------+------------+-----------+-------+
| BUFGCTRL   |    5 |     0 |          0 |        32 | 15.63 |
| BUFIO      |    0 |     0 |          0 |        16 |  0.00 |
| MMCME2_ADV |    1 |     0 |          0 |         4 | 25.00 |
| PLLE2_ADV  |    0 |     0 |          0 |         4 |  0.00 |
| BUFMRCE    |    0 |     0 |          0 |         8 |  0.00 |
| BUFHCE     |    0 |     0 |          0 |        72 |  0.00 |
| BUFR       |    0 |     0 |          0 |        16 |  0.00 |
+------------+------+-------+------------+-----------+-------+


6. Specific Feature
-------------------

+-------------+------+-------+------------+-----------+-------+
|  Site Type  | Used | Fixed | Prohibited | Available | Util% |
+-------------+------+-------+------------+-----------+-------+
| BSCANE2     |    0 |     0 |          0 |         4 |  0.00 |
| CAPTUREE2   |    0 |     0 |          0 |         1 |  0.00 |
| DNA_PORT    |    0 |     0 |          0 |         1 |  0.00 |
| EFUSE_USR   |    0 |     0 |          0 |         1 |  0.00 |
| FRAME_ECCE2 |    0 |     0 |          0 |         1 |  0.00 |
| ICAPE2      |    0 |     0 |          0 |         2 |  0.00 |
| STARTUPE2   |    0 |     0 |          0 |         1 |  0.00 |
| XADC        |    0 |     0 |          0 |         1 |  0.00 |
+-------------+------+-------+------------+-----------+-------+


7. Primitives
-------------

+------------+------+---------------------+
|  Ref Name  | Used | Functional Category |
+------------+------+---------------------+
| LUT6       | 9065 |                 LUT |
| FDCE       | 5308 |        Flop & Latch |
| LUT5       | 4052 |                 LUT |
| LUT4       | 3114 |                 LUT |
| FDRE       | 2241 |        Flop & Latch |
| LUT3       | 1708 |                 LUT |
| LUT2       | 1276 |                 LUT |
| LUT1       |  461 |                 LUT |
| CARRY4     |  448 |          CarryLogic |
| FDPE       |  211 |        Flop & Latch |
| MUXF7      |  118 |               MuxFx |
| RAMB36E1   |   64 |        Block Memory |
| IBUF       |   12 |                  IO |
| LDCE       |   11 |        Flop & Latch |
| OBUF       |   10 |                  IO |
| MUXF8      |   10 |               MuxFx |
| BUFG       |    5 |               Clock |
| DSP48E1    |    3 |    Block Arithmetic |
| OBUFT      |    2 |                  IO |
| MMCME2_ADV |    1 |               Clock |
+------------+------+---------------------+


8. Black Boxes
--------------

+----------+------+
| Ref Name | Used |
+----------+------+


9. Instantiated Netlists
------------------------

+----------+------+
| Ref Name | Used |
+----------+------+
| ram_128k |    2 |
| pll_50m  |    1 |
+----------+------+


