#-----------------------------------------------------------
# Vivado v2021.1 (64-bit)
# SW Build 3247384 on Thu Jun 10 19:36:07 MDT 2021
# IP Build 3246043 on Fri Jun 11 00:30:35 MDT 2021
# Start of session at: Fri Sep 29 16:34:41 2023
# Process ID: 5081
# Current directory: /home/master/project/cm3_ahbmtx_mcu/project/fpga_syn/fpga_7020_mcu_full_vivado/checkpoint
# Command line: vivado route.dcp
# Log file: /home/master/project/cm3_ahbmtx_mcu/project/fpga_syn/fpga_7020_mcu_full_vivado/checkpoint/vivado.log
# Journal file: /home/master/project/cm3_ahbmtx_mcu/project/fpga_syn/fpga_7020_mcu_full_vivado/checkpoint/vivado.jou
#-----------------------------------------------------------
start_gui
open_checkpoint /home/master/project/cm3_ahbmtx_mcu/project/fpga_syn/fpga_7020_mcu_full_vivado/checkpoint/route.dcp
Command: open_checkpoint /home/master/project/cm3_ahbmtx_mcu/project/fpga_syn/fpga_7020_mcu_full_vivado/checkpoint/route.dcp

Starting open_checkpoint Task

Time (s): cpu = 00:00:00.04 ; elapsed = 00:00:00.03 . Memory (MB): peak = 7692.184 ; gain = 0.000 ; free physical = 19623 ; free virtual = 29816
INFO: [IP_Flow 19-234] Refreshing IP repositories
INFO: [IP_Flow 19-1704] No user IP repositories specified
INFO: [IP_Flow 19-2313] Loaded Vivado IP repository '/export/SoftWare/Xilinx/Vivado2021.1/Vivado/2021.1/data/ip'.
INFO: [Device 21-403] Loading part xc7z020clg400-2
Netlist sorting complete. Time (s): cpu = 00:00:00.08 ; elapsed = 00:00:00.08 . Memory (MB): peak = 7736.371 ; gain = 0.000 ; free physical = 19192 ; free virtual = 29451
INFO: [Netlist 29-17] Analyzing 455 Unisim elements for replacement
INFO: [Netlist 29-28] Unisim Transformation completed in 0 CPU seconds
WARNING: [Netlist 29-101] Netlist 'mcu_top' is not ideal for floorplanning, since the cellview 'cortexm3ds_logic' contains a large number of primitives.  Please consider enabling hierarchy in synthesis if you want to do floorplanning.
INFO: [Project 1-479] Netlist was created with Vivado 2021.1
INFO: [Project 1-570] Preparing netlist for logic optimization
WARNING: [Constraints 18-550] Could not create 'IBUF_LOW_PWR' constraint because net 'u_fpga_platform/u_pll0/clk_in1' is not directly connected to top level port. Synthesis is ignored for IBUF_LOW_PWR but preserved for implementation.
INFO: [Timing 38-478] Restoring timing data from binary archive.
INFO: [Timing 38-479] Binary timing data restore complete.
INFO: [Project 1-856] Restoring constraints from binary archive.
INFO: [Project 1-853] Binary constraint restore complete.
Reading placer database...
Read XDEF File: Time (s): cpu = 00:00:01 ; elapsed = 00:00:01 . Memory (MB): peak = 8024.215 ; gain = 9.965 ; free physical = 18564 ; free virtual = 28855
Finished XDEF File Restore: Time (s): cpu = 00:00:05 ; elapsed = 00:00:14 . Memory (MB): peak = 8043.215 ; gain = 28.965 ; free physical = 18562 ; free virtual = 28853
INFO: [Project 1-837] Checkpoint contains data reused from an Incremental Compile. Run report_incremental_reuse for further information about reused data.
Netlist sorting complete. Time (s): cpu = 00:00:00 ; elapsed = 00:00:00 . Memory (MB): peak = 8043.219 ; gain = 0.000 ; free physical = 18560 ; free virtual = 28851
INFO: [Project 1-111] Unisim Transformation Summary:
  A total of 67 instances were transformed.
  CFGLUT5 => CFGLUT5 (SRL16E, SRLC32E): 60 instances
  IOBUF => IOBUF (IBUF, OBUFT): 1 instance 
  RAM32M => RAM32M (RAMD32(x6), RAMS32(x2)): 6 instances

INFO: [Project 1-604] Checkpoint was created with Vivado v2021.1 (64-bit) build 3247384
open_checkpoint: Time (s): cpu = 00:00:34 ; elapsed = 00:00:34 . Memory (MB): peak = 8250.695 ; gain = 558.516 ; free physical = 18311 ; free virtual = 28607
open_hw_manager
connect_hw_server -allow_non_jtag
INFO: [Labtools 27-2285] Connecting to hw_server url TCP:localhost:3121
INFO: [Labtools 27-2222] Launching hw_server...
INFO: [Labtools 27-2221] Launch Output:

****** Xilinx hw_server v2021.1
  **** Build date : Jun 10 2021 at 20:11:57
    ** Copyright 1986-2021 Xilinx, Inc. All Rights Reserved.


INFO: [Labtools 27-3415] Connecting to cs_server url TCP:localhost:3042
INFO: [Labtools 27-3417] Launching cs_server...
INFO: [Labtools 27-2221] Launch Output:


******** Xilinx cs_server v2021.1
  ****** Build date   : May 27 2021-01:32:33
    **** Build number : 2021.1.1622050353
      ** Copyright 2017-2023 Xilinx, Inc. All Rights Reserved.



open_hw_target
INFO: [Labtoolstcl 44-466] Opening hw_target localhost:3121/xilinx_tcf/Digilent/210512180081
open_hw_target: Time (s): cpu = 00:00:01 ; elapsed = 00:00:08 . Memory (MB): peak = 9726.793 ; gain = 1457.004 ; free physical = 16594 ; free virtual = 26985
current_hw_device [get_hw_devices xc7z020_1]
refresh_hw_device -update_hw_probes false [lindex [get_hw_devices xc7z020_1] 0]
INFO: [Labtools 27-1435] Device xc7z020 (JTAG device index = 1) is not programmed (DONE status = 0).
set_property PROBES.FILE {/home/master/project/cm3_ahbmtx_mcu/project/fpga_syn/fpga_7020_mcu_full_vivado/checkpoint/mcu_boot.ltx} [get_hw_devices xc7z020_1]
set_property FULL_PROBES.FILE {/home/master/project/cm3_ahbmtx_mcu/project/fpga_syn/fpga_7020_mcu_full_vivado/checkpoint/mcu_boot.ltx} [get_hw_devices xc7z020_1]
set_property PROGRAM.FILE {/home/master/project/cm3_ahbmtx_mcu/project/fpga_syn/fpga_7020_mcu_full_vivado/checkpoint/project_route.bit} [get_hw_devices xc7z020_1]
program_hw_devices [get_hw_devices xc7z020_1]
INFO: [Labtools 27-3164] End of startup status: HIGH
refresh_hw_device [lindex [get_hw_devices xc7z020_1] 0]
INFO: [Labtools 27-2302] Device xc7z020 (JTAG device index = 1) is programmed with a design that has 1 ILA core(s).
display_hw_ila_data [ get_hw_ila_data hw_ila_data_1 -of_objects [get_hw_ilas -of_objects [get_hw_devices xc7z020_1] -filter {CELL_NAME=~"u_ila_0"}]]
set_property TRIGGER_COMPARE_VALUE eq1'bB [get_hw_probes u_fp_domain/u_sram_top/ena -of_objects [get_hw_ilas -of_objects [get_hw_devices xc7z020_1] -filter {CELL_NAME=~"u_ila_0"}]]
run_hw_ila [get_hw_ilas -of_objects [get_hw_devices xc7z020_1] -filter {CELL_NAME=~"u_ila_0"}]
INFO: [Labtools 27-1964] The ILA core 'hw_ila_1' trigger was armed at 2023-Sep-29 16:41:35
wait_on_hw_ila [get_hw_ilas -of_objects [get_hw_devices xc7z020_1] -filter {CELL_NAME=~"u_ila_0"}]
display_hw_ila_data [upload_hw_ila_data [get_hw_ilas -of_objects [get_hw_devices xc7z020_1] -filter {CELL_NAME=~"u_ila_0"}]]
INFO: [Labtools 27-1966] The ILA core 'hw_ila_1' triggered at 2023-Sep-29 16:41:35
INFO: [Labtools 27-3304] ILA Waveform data saved to file /home/master/project/cm3_ahbmtx_mcu/project/fpga_syn/fpga_7020_mcu_full_vivado/checkpoint/.Xil/Vivado-5081-icpc/backup/hw_ila_data_1.ila. Use Tcl command 'read_hw_ila_data' or Vivado File->Import->Import ILA Data menu item to import the previously saved data.
run_hw_ila [get_hw_ilas -of_objects [get_hw_devices xc7z020_1] -filter {CELL_NAME=~"u_ila_0"}] -trigger_now
INFO: [Labtools 27-1964] The ILA core 'hw_ila_1' trigger was armed at 2023-Sep-29 16:41:49
wait_on_hw_ila [get_hw_ilas -of_objects [get_hw_devices xc7z020_1] -filter {CELL_NAME=~"u_ila_0"}]
display_hw_ila_data [upload_hw_ila_data [get_hw_ilas -of_objects [get_hw_devices xc7z020_1] -filter {CELL_NAME=~"u_ila_0"}]]
INFO: [Labtools 27-1966] The ILA core 'hw_ila_1' triggered at 2023-Sep-29 16:41:49
INFO: [Labtools 27-3304] ILA Waveform data saved to file /home/master/project/cm3_ahbmtx_mcu/project/fpga_syn/fpga_7020_mcu_full_vivado/checkpoint/.Xil/Vivado-5081-icpc/backup/hw_ila_data_1.ila. Use Tcl command 'read_hw_ila_data' or Vivado File->Import->Import ILA Data menu item to import the previously saved data.
run_hw_ila [get_hw_ilas -of_objects [get_hw_devices xc7z020_1] -filter {CELL_NAME=~"u_ila_0"}]
INFO: [Labtools 27-1964] The ILA core 'hw_ila_1' trigger was armed at 2023-Sep-29 16:43:23
wait_on_hw_ila [get_hw_ilas -of_objects [get_hw_devices xc7z020_1] -filter {CELL_NAME=~"u_ila_0"}]
display_hw_ila_data [upload_hw_ila_data [get_hw_ilas -of_objects [get_hw_devices xc7z020_1] -filter {CELL_NAME=~"u_ila_0"}]]
INFO: [Labtools 27-1966] The ILA core 'hw_ila_1' triggered at 2023-Sep-29 16:43:23
INFO: [Labtools 27-3304] ILA Waveform data saved to file /home/master/project/cm3_ahbmtx_mcu/project/fpga_syn/fpga_7020_mcu_full_vivado/checkpoint/.Xil/Vivado-5081-icpc/backup/hw_ila_data_1.ila. Use Tcl command 'read_hw_ila_data' or Vivado File->Import->Import ILA Data menu item to import the previously saved data.
run_hw_ila [get_hw_ilas -of_objects [get_hw_devices xc7z020_1] -filter {CELL_NAME=~"u_ila_0"}]
INFO: [Labtools 27-1964] The ILA core 'hw_ila_1' trigger was armed at 2023-Sep-29 16:43:26
wait_on_hw_ila [get_hw_ilas -of_objects [get_hw_devices xc7z020_1] -filter {CELL_NAME=~"u_ila_0"}]
display_hw_ila_data [upload_hw_ila_data [get_hw_ilas -of_objects [get_hw_devices xc7z020_1] -filter {CELL_NAME=~"u_ila_0"}]]
INFO: [Labtools 27-1966] The ILA core 'hw_ila_1' triggered at 2023-Sep-29 16:43:26
INFO: [Labtools 27-3304] ILA Waveform data saved to file /home/master/project/cm3_ahbmtx_mcu/project/fpga_syn/fpga_7020_mcu_full_vivado/checkpoint/.Xil/Vivado-5081-icpc/backup/hw_ila_data_1.ila. Use Tcl command 'read_hw_ila_data' or Vivado File->Import->Import ILA Data menu item to import the previously saved data.
run_hw_ila [get_hw_ilas -of_objects [get_hw_devices xc7z020_1] -filter {CELL_NAME=~"u_ila_0"}]
INFO: [Labtools 27-1964] The ILA core 'hw_ila_1' trigger was armed at 2023-Sep-29 16:43:29
wait_on_hw_ila [get_hw_ilas -of_objects [get_hw_devices xc7z020_1] -filter {CELL_NAME=~"u_ila_0"}]
display_hw_ila_data [upload_hw_ila_data [get_hw_ilas -of_objects [get_hw_devices xc7z020_1] -filter {CELL_NAME=~"u_ila_0"}]]
INFO: [Labtools 27-1966] The ILA core 'hw_ila_1' triggered at 2023-Sep-29 16:43:29
INFO: [Labtools 27-3304] ILA Waveform data saved to file /home/master/project/cm3_ahbmtx_mcu/project/fpga_syn/fpga_7020_mcu_full_vivado/checkpoint/.Xil/Vivado-5081-icpc/backup/hw_ila_data_1.ila. Use Tcl command 'read_hw_ila_data' or Vivado File->Import->Import ILA Data menu item to import the previously saved data.
run_hw_ila [get_hw_ilas -of_objects [get_hw_devices xc7z020_1] -filter {CELL_NAME=~"u_ila_0"}]
INFO: [Labtools 27-1964] The ILA core 'hw_ila_1' trigger was armed at 2023-Sep-29 16:43:33
wait_on_hw_ila [get_hw_ilas -of_objects [get_hw_devices xc7z020_1] -filter {CELL_NAME=~"u_ila_0"}]
display_hw_ila_data [upload_hw_ila_data [get_hw_ilas -of_objects [get_hw_devices xc7z020_1] -filter {CELL_NAME=~"u_ila_0"}]]
INFO: [Labtools 27-1966] The ILA core 'hw_ila_1' triggered at 2023-Sep-29 16:43:33
INFO: [Labtools 27-3304] ILA Waveform data saved to file /home/master/project/cm3_ahbmtx_mcu/project/fpga_syn/fpga_7020_mcu_full_vivado/checkpoint/.Xil/Vivado-5081-icpc/backup/hw_ila_data_1.ila. Use Tcl command 'read_hw_ila_data' or Vivado File->Import->Import ILA Data menu item to import the previously saved data.
run_hw_ila [get_hw_ilas -of_objects [get_hw_devices xc7z020_1] -filter {CELL_NAME=~"u_ila_0"}]
ERROR: [Labtools 27-1395] Unable to arm ILA 'hw_ila_1'. The core clock is slow or no core clock connected for this ILA or the ILA core may not meet timing.
run_hw_ila [get_hw_ilas -of_objects [get_hw_devices xc7z020_1] -filter {CELL_NAME=~"u_ila_0"}]
ERROR: [Labtools 27-1395] Unable to arm ILA 'hw_ila_1'. The core clock is slow or no core clock connected for this ILA or the ILA core may not meet timing.
run_hw_ila [get_hw_ilas -of_objects [get_hw_devices xc7z020_1] -filter {CELL_NAME=~"u_ila_0"}]
INFO: [Labtools 27-1964] The ILA core 'hw_ila_1' trigger was armed at 2023-Sep-29 16:44:22
wait_on_hw_ila [get_hw_ilas -of_objects [get_hw_devices xc7z020_1] -filter {CELL_NAME=~"u_ila_0"}]
display_hw_ila_data [upload_hw_ila_data [get_hw_ilas -of_objects [get_hw_devices xc7z020_1] -filter {CELL_NAME=~"u_ila_0"}]]
INFO: [Labtools 27-1966] The ILA core 'hw_ila_1' triggered at 2023-Sep-29 16:44:22
INFO: [Labtools 27-3304] ILA Waveform data saved to file /home/master/project/cm3_ahbmtx_mcu/project/fpga_syn/fpga_7020_mcu_full_vivado/checkpoint/.Xil/Vivado-5081-icpc/backup/hw_ila_data_1.ila. Use Tcl command 'read_hw_ila_data' or Vivado File->Import->Import ILA Data menu item to import the previously saved data.
set_property TRIGGER_COMPARE_VALUE eq1'bX [get_hw_probes u_fp_domain/u_sram_top/ena -of_objects [get_hw_ilas -of_objects [get_hw_devices xc7z020_1] -filter {CELL_NAME=~"u_ila_0"}]]
set_property TRIGGER_COMPARE_VALUE neq32'hXXXX_XXXX [get_hw_probes u_fp_domain/u_sram_top/itcm_rdata -of_objects [get_hw_ilas -of_objects [get_hw_devices xc7z020_1] -filter {CELL_NAME=~"u_ila_0"}]]
set_property TRIGGER_COMPARE_VALUE neq32'h0000_0000 [get_hw_probes u_fp_domain/u_sram_top/itcm_rdata -of_objects [get_hw_ilas -of_objects [get_hw_devices xc7z020_1] -filter {CELL_NAME=~"u_ila_0"}]]
run_hw_ila [get_hw_ilas -of_objects [get_hw_devices xc7z020_1] -filter {CELL_NAME=~"u_ila_0"}]
INFO: [Labtools 27-1964] The ILA core 'hw_ila_1' trigger was armed at 2023-Sep-29 16:45:20
wait_on_hw_ila -timeout 0 [get_hw_ilas -of_objects [get_hw_devices xc7z020_1] -filter {CELL_NAME=~"u_ila_0"}]
upload_hw_ila_data [get_hw_ilas -of_objects [get_hw_devices xc7z020_1] -filter {CELL_NAME=~"u_ila_0"}]
INFO: [Labtools 27-1965] The ILA core 'hw_ila_1' trigger was stopped by user at 2023-Sep-29 16:45:42
WARNING: [Labtools 27-157] hw_ila [hw_ila_1] stopped. No data to upload.
set_property TRIGGER_COMPARE_VALUE eq32'hXXXX_XXXX [get_hw_probes u_fp_domain/u_sram_top/itcm_rdata -of_objects [get_hw_ilas -of_objects [get_hw_devices xc7z020_1] -filter {CELL_NAME=~"u_ila_0"}]]
save_wave_config {/home/master/project/cm3_ahbmtx_mcu/project/fpga_syn/fpga_7020_mcu_full_vivado/checkpoint/.Xil/Vivado-5081-icpc/hw_1/wave/hw_ila_data_1/hw_ila_data_1.wcfg}
close_hw_manager
exit
INFO: [Common 17-206] Exiting Vivado at Fri Sep 29 16:50:36 2023...
