#-----------------------------------------------------------
# Vivado v2021.1 (64-bit)
# SW Build 3247384 on Thu Jun 10 19:36:07 MDT 2021
# IP Build 3246043 on Fri Jun 11 00:30:35 MDT 2021
# Start of session at: Sat Sep 23 15:52:36 2023
# Process ID: 62268
# Current directory: /home/master/project/cm3_ahbmtx_mcu/project/fpga_syn/fpga_7020_mcu_full_vivado/checkpoint
# Command line: vivado route.dcp
# Log file: /home/master/project/cm3_ahbmtx_mcu/project/fpga_syn/fpga_7020_mcu_full_vivado/checkpoint/vivado.log
# Journal file: /home/master/project/cm3_ahbmtx_mcu/project/fpga_syn/fpga_7020_mcu_full_vivado/checkpoint/vivado.jou
#-----------------------------------------------------------
start_gui
open_checkpoint /home/master/project/cm3_ahbmtx_mcu/project/fpga_syn/fpga_7020_mcu_full_vivado/checkpoint/route.dcp
Command: open_checkpoint /home/master/project/cm3_ahbmtx_mcu/project/fpga_syn/fpga_7020_mcu_full_vivado/checkpoint/route.dcp

Starting open_checkpoint Task

Time (s): cpu = 00:00:00.05 ; elapsed = 00:00:00.03 . Memory (MB): peak = 7679.238 ; gain = 0.000 ; free physical = 13699 ; free virtual = 29261
INFO: [IP_Flow 19-234] Refreshing IP repositories
INFO: [IP_Flow 19-1704] No user IP repositories specified
INFO: [IP_Flow 19-2313] Loaded Vivado IP repository '/export/SoftWare/Xilinx/Vivado2021.1/Vivado/2021.1/data/ip'.
INFO: [Device 21-403] Loading part xc7z020clg400-2
Netlist sorting complete. Time (s): cpu = 00:00:00.06 ; elapsed = 00:00:00.05 . Memory (MB): peak = 7723.426 ; gain = 0.000 ; free physical = 13428 ; free virtual = 28990
INFO: [Netlist 29-17] Analyzing 329 Unisim elements for replacement
INFO: [Netlist 29-28] Unisim Transformation completed in 0 CPU seconds
WARNING: [Netlist 29-101] Netlist 'mcu_top' is not ideal for floorplanning, since the cellview 'cortexm3ds_logic' contains a large number of primitives.  Please consider enabling hierarchy in synthesis if you want to do floorplanning.
INFO: [Project 1-479] Netlist was created with Vivado 2021.1
INFO: [Project 1-570] Preparing netlist for logic optimization
WARNING: [Constraints 18-550] Could not create 'IBUF_LOW_PWR' constraint because net 'u_fpga_platform/u_pll0/clk_in1' is not directly connected to top level port. Synthesis is ignored for IBUF_LOW_PWR but preserved for implementation.
INFO: [Timing 38-478] Restoring timing data from binary archive.
INFO: [Timing 38-479] Binary timing data restore complete.
INFO: [Project 1-856] Restoring constraints from binary archive.
INFO: [Project 1-853] Binary constraint restore complete.
Reading XDEF placement.
Reading placer database...
Reading XDEF routing.
Read XDEF File: Time (s): cpu = 00:00:01 ; elapsed = 00:00:01 . Memory (MB): peak = 8005.156 ; gain = 26.852 ; free physical = 12830 ; free virtual = 28391
Restored from archive | CPU: 1.430000 secs | Memory: 19.592094 MB |
Finished XDEF File Restore: Time (s): cpu = 00:00:01 ; elapsed = 00:00:01 . Memory (MB): peak = 8005.156 ; gain = 26.852 ; free physical = 12830 ; free virtual = 28391
Netlist sorting complete. Time (s): cpu = 00:00:00 ; elapsed = 00:00:00 . Memory (MB): peak = 8005.156 ; gain = 0.000 ; free physical = 12830 ; free virtual = 28392
INFO: [Project 1-111] Unisim Transformation Summary:
  A total of 1 instances were transformed.
  IOBUF => IOBUF (IBUF, OBUFT): 1 instance 

INFO: [Project 1-604] Checkpoint was created with Vivado v2021.1 (64-bit) build 3247384
open_checkpoint: Time (s): cpu = 00:00:34 ; elapsed = 00:00:17 . Memory (MB): peak = 8211.426 ; gain = 532.191 ; free physical = 12737 ; free virtual = 28311
open_hw_manager
connect_hw_server -allow_non_jtag
INFO: [Labtools 27-2285] Connecting to hw_server url TCP:localhost:3121
INFO: [Labtools 27-2222] Launching hw_server...
INFO: [Labtools 27-2221] Launch Output:

****** Xilinx hw_server v2021.1
  **** Build date : Jun 10 2021 at 20:11:57
    ** Copyright 1986-2021 Xilinx, Inc. All Rights Reserved.


INFO: [Labtools 27-3415] Connecting to cs_server url TCP:localhost:3042
INFO: [Labtools 27-3417] Launching cs_server...
INFO: [Labtools 27-2221] Launch Output:


******** Xilinx cs_server v2021.1
  ****** Build date   : May 27 2021-01:32:33
    **** Build number : 2021.1.1622050353
      ** Copyright 2017-2023 Xilinx, Inc. All Rights Reserved.



ERROR: [Labtoolstcl 44-494] There is no active target available for server at localhost.
 Targets(s) ", jsn-JTAG-HS1-210512180081" may be locked by another hw_server.
disconnect_hw_server localhost:3121
connect_hw_server -allow_non_jtag
INFO: [Labtools 27-2285] Connecting to hw_server url TCP:localhost:3121
INFO: [Labtools 27-3415] Connecting to cs_server url TCP:localhost:3042
INFO: [Labtools 27-3414] Connected to existing cs_server.
ERROR: [Labtoolstcl 44-494] There is no active target available for server at localhost.
 Targets(s) ", jsn-JTAG-HS1-210512180081" may be locked by another hw_server.
close_hw_manager
exit
INFO: [Common 17-206] Exiting Vivado at Sat Sep 23 15:54:22 2023...
