Info: *******************************************************************
Info: Running Quartus Prime MIF/HEX Update
    Info: Version 18.1.0 Build 625 09/12/2018 SJ Standard Edition
    Info: Copyright (C) 2018  Intel Corporation. All rights reserved.
    Info: Your use of Intel Corporation's design tools, logic functions 
    Info: and other software and tools, and its AMPP partner logic 
    Info: functions, and any output files from any of the foregoing 
    Info: (including device programming or simulation files), and any 
    Info: associated documentation or information are expressly subject 
    Info: to the terms and conditions of the Intel Program License 
    Info: Subscription Agreement, the Intel Quartus Prime License Agreement,
    Info: the Intel FPGA IP License Agreement, or other applicable license
    Info: agreement, including, without limitation, that your use is for
    Info: the sole purpose of programming logic devices manufactured by
    Info: Intel and sold by Intel or its authorized distributors.  Please
    Info: refer to the applicable agreement for further details.
    Info: Processing started: Sat Apr  6 21:01:03 2024
Info: Command: quartus_cdb --update_mif mcu_top
Critical Warning (127005): Memory depth (32768) in the design file differs from memory depth (2048) in the Memory Initialization File "/home/master/project/cm3_ahbmtx_mcu/project/fpga_syn/fpga_ep4_mcu_full_quartus/bootloader.mif" -- setting initial value for remaining addresses to 0
Info (39024): Processed the following Memory Initialization File(s)
    Info (39025): Processed Memory Initialization File /home/master/project/cm3_ahbmtx_mcu/project/fpga_syn/fpga_ep4_mcu_full_quartus/bootloader.mif File: /home/master/project/cm3_ahbmtx_mcu/project/fpga_syn/fpga_ep4_mcu_full_quartus/bootloader.mif Line: 0
Info: Quartus Prime MIF/HEX Update was successful. 0 errors, 1 warning
    Info: Peak virtual memory: 1366 megabytes
    Info: Processing ended: Sat Apr  6 21:01:05 2024
    Info: Elapsed time: 00:00:02
    Info: Total CPU time (on all processors): 00:00:02
