#-----------------------------------------------------------
# Vivado v2021.1 (64-bit)
# SW Build 3247384 on Thu Jun 10 19:36:07 MDT 2021
# IP Build 3246043 on Fri Jun 11 00:30:35 MDT 2021
# Start of session at: Sun Mar 17 16:36:24 2024
# Process ID: 53594
# Current directory: /home/master/project/cm3_ahbmtx_mcu/project/fpga_syn/fpga_7020_mcu_full_vivado
# Command line: vivado mcu_top.xpr
# Log file: /home/master/project/cm3_ahbmtx_mcu/project/fpga_syn/fpga_7020_mcu_full_vivado/vivado.log
# Journal file: /home/master/project/cm3_ahbmtx_mcu/project/fpga_syn/fpga_7020_mcu_full_vivado/vivado.jou
#-----------------------------------------------------------
start_gui
open_project mcu_top.xpr
WARNING: [filemgmt 56-3] Default IP Output Path : Could not find the directory '/home/master/project/cm3_ahbmtx_mcu/project/fpga_syn/fpga_7020_mcu_full_vivado/mcu_top.gen/sources_1'.
CRITICAL WARNING: [Project 1-19] Could not find the file '/home/master/project/cm3_ahbmtx_mcu/library/cmsdk/cmsdk_ahb_busmatrix/verilog/built/ahb_bus_matrix/ahb_bus_matrix_arbiterM5.v'.
CRITICAL WARNING: [Project 1-19] Could not find the file '/home/master/project/cm3_ahbmtx_mcu/library/cmsdk/cmsdk_ahb_busmatrix/verilog/built/ahb_bus_matrix/ahb_bus_matrix_oM5.v'.
CRITICAL WARNING: [Project 1-19] Could not find the file '/home/test2/bootloader.coe'.
Scanning sources...
Finished scanning sources
INFO: [IP_Flow 19-234] Refreshing IP repositories
INFO: [IP_Flow 19-1704] No user IP repositories specified
INFO: [IP_Flow 19-2313] Loaded Vivado IP repository '/export/SoftWare/Xilinx/Vivado2021.1/Vivado/2021.1/data/ip'.
INFO: [IP_Flow 19-3899] Cannot get the environment domain name variable for the component vendor name. Setting the vendor name to 'user.org'.
update_compile_order -fileset sources_1
open_hw_manager
connect_hw_server -allow_non_jtag
INFO: [Labtools 27-2285] Connecting to hw_server url TCP:localhost:3121
INFO: [Labtools 27-2222] Launching hw_server...
INFO: [Labtools 27-2221] Launch Output:

****** Xilinx hw_server v2021.1
  **** Build date : Jun 10 2021 at 20:11:57
    ** Copyright 1986-2021 Xilinx, Inc. All Rights Reserved.


INFO: [Labtools 27-3415] Connecting to cs_server url TCP:localhost:3042
INFO: [Labtools 27-3417] Launching cs_server...
INFO: [Labtools 27-2221] Launch Output:


******** Xilinx cs_server v2021.1
  ****** Build date   : May 27 2021-01:32:33
    **** Build number : 2021.1.1622050353
      ** Copyright 2017-2024 Xilinx, Inc. All Rights Reserved.



open_hw_target
INFO: [Labtoolstcl 44-466] Opening hw_target localhost:3121/xilinx_tcf/Digilent/210512180081
open_hw_target: Time (s): cpu = 00:00:02 ; elapsed = 00:00:08 . Memory (MB): peak = 8739.855 ; gain = 853.984 ; free physical = 7715 ; free virtual = 25553
current_hw_device [get_hw_devices xc7z020_1]
refresh_hw_device -update_hw_probes false [lindex [get_hw_devices xc7z020_1] 0]
INFO: [Labtools 27-1435] Device xc7z020 (JTAG device index = 1) is not programmed (DONE status = 0).
set_property PROBES.FILE {} [get_hw_devices xc7z020_1]
set_property FULL_PROBES.FILE {} [get_hw_devices xc7z020_1]
set_property PROGRAM.FILE {/home/master/project/cm3_ahbmtx_mcu/project/fpga_syn/fpga_7020_mcu_full_vivado/bitstream.bit} [get_hw_devices xc7z020_1]
program_hw_devices [get_hw_devices xc7z020_1]
INFO: [Labtools 27-3164] End of startup status: HIGH
refresh_hw_device [lindex [get_hw_devices xc7z020_1] 0]
INFO: [Labtools 27-1434] Device xc7z020 (JTAG device index = 1) is programmed with a design that has no supported debug core(s) in it.
ERROR: [Labtoolstcl 44-513] HW Target shutdown. Closing target: localhost:3121/xilinx_tcf/Digilent/210512180081
INFO: [Labtoolstcl 44-466] Opening hw_target localhost:3121/xilinx_tcf/Digilent/210512180081
WARNING: [Labtoolstcl 44-129] No matching hw_ila_data was found.
INFO: [Labtools 27-1435] Device xc7z020 (JTAG device index = 1) is not programmed (DONE status = 0).
WARNING: [Labtoolstcl 44-129] No matching hw_ila_data was found.
set_property PROBES.FILE {} [get_hw_devices xc7z020_1]
set_property FULL_PROBES.FILE {} [get_hw_devices xc7z020_1]
set_property PROGRAM.FILE {/home/master/project/cm3_ahbmtx_mcu/project/fpga_syn/fpga_7020_mcu_full_vivado/bitstream.bit} [get_hw_devices xc7z020_1]
program_hw_devices [get_hw_devices xc7z020_1]
INFO: [Labtools 27-3164] End of startup status: HIGH
refresh_hw_device [lindex [get_hw_devices xc7z020_1] 0]
INFO: [Labtools 27-1434] Device xc7z020 (JTAG device index = 1) is programmed with a design that has no supported debug core(s) in it.
close_hw_manager
exit
INFO: [Common 17-206] Exiting Vivado at Sun Mar 17 17:24:01 2024...
